d:\jin\workspace\visual studio 2017\study_mfc_socket_chatting\study_mfc_socket_chatting\x64\release\study_mfc_socket_chatting.pch
d:\jin\workspace\visual studio 2017\study_mfc_socket_chatting\study_mfc_socket_chatting\x64\release\vc141.pdb
d:\jin\workspace\visual studio 2017\study_mfc_socket_chatting\study_mfc_socket_chatting\x64\release\stdafx.obj
d:\jin\workspace\visual studio 2017\study_mfc_socket_chatting\study_mfc_socket_chatting\x64\release\study_mfc_socket_chattingdlg.obj
d:\jin\workspace\visual studio 2017\study_mfc_socket_chatting\study_mfc_socket_chatting\x64\release\study_mfc_socket_chatting.obj
d:\jin\workspace\visual studio 2017\study_mfc_socket_chatting\study_mfc_socket_chatting\x64\release\serversock.obj
d:\jin\workspace\visual studio 2017\study_mfc_socket_chatting\study_mfc_socket_chatting\x64\release\clientsock.obj
d:\jin\workspace\visual studio 2017\study_mfc_socket_chatting\x64\release\study_mfc_socket_chatting.exe
d:\jin\workspace\visual studio 2017\study_mfc_socket_chatting\x64\release\study_mfc_socket_chatting.pdb
d:\jin\workspace\visual studio 2017\study_mfc_socket_chatting\study_mfc_socket_chatting\x64\release\study_mfc_socket_chatting.res
d:\jin\workspace\visual studio 2017\study_mfc_socket_chatting\x64\release\study_mfc_socket_chatting.ipdb
d:\jin\workspace\visual studio 2017\study_mfc_socket_chatting\x64\release\study_mfc_socket_chatting.iobj
d:\jin\workspace\visual studio 2017\study_mfc_socket_chatting\study_mfc_socket_chatting\x64\release\study_mf.fb242ccc.tlog\cl.command.1.tlog
d:\jin\workspace\visual studio 2017\study_mfc_socket_chatting\study_mfc_socket_chatting\x64\release\study_mf.fb242ccc.tlog\cl.read.1.tlog
d:\jin\workspace\visual studio 2017\study_mfc_socket_chatting\study_mfc_socket_chatting\x64\release\study_mf.fb242ccc.tlog\cl.write.1.tlog
d:\jin\workspace\visual studio 2017\study_mfc_socket_chatting\study_mfc_socket_chatting\x64\release\study_mf.fb242ccc.tlog\link.command.1.tlog
d:\jin\workspace\visual studio 2017\study_mfc_socket_chatting\study_mfc_socket_chatting\x64\release\study_mf.fb242ccc.tlog\link.read.1.tlog
d:\jin\workspace\visual studio 2017\study_mfc_socket_chatting\study_mfc_socket_chatting\x64\release\study_mf.fb242ccc.tlog\link.write.1.tlog
d:\jin\workspace\visual studio 2017\study_mfc_socket_chatting\study_mfc_socket_chatting\x64\release\study_mf.fb242ccc.tlog\rc.command.1.tlog
d:\jin\workspace\visual studio 2017\study_mfc_socket_chatting\study_mfc_socket_chatting\x64\release\study_mf.fb242ccc.tlog\rc.read.1.tlog
d:\jin\workspace\visual studio 2017\study_mfc_socket_chatting\study_mfc_socket_chatting\x64\release\study_mf.fb242ccc.tlog\rc.write.1.tlog
d:\jin\workspace\visual studio 2017\study_mfc_socket_chatting\study_mfc_socket_chatting\x64\release\study_mf.fb242ccc.tlog\study_mfc_socket_chatting.write.1u.tlog
